[debug] [2021-07-13T23:10:19.704Z] ----------------------------------------------------------------------
[debug] [2021-07-13T23:10:19.706Z] Command:       C:\Program Files\nodejs\node.exe C:\Users\m\AppData\Roaming\npm\node_modules\firebase-tools\lib\bin\firebase.js deploy --only hosting:colorsorter
[debug] [2021-07-13T23:10:19.706Z] CLI Version:   9.16.0
[debug] [2021-07-13T23:10:19.706Z] Platform:      win32
[debug] [2021-07-13T23:10:19.706Z] Node Version:  v16.4.2
[debug] [2021-07-13T23:10:19.707Z] Time:          Tue Jul 13 2021 18:10:19 GMT-0500 (Central Daylight Time)
[debug] [2021-07-13T23:10:19.707Z] ----------------------------------------------------------------------
[debug] 
[debug] [2021-07-13T23:10:19.770Z] > command requires scopes: ["email","openid","https://www.googleapis.com/auth/cloudplatformprojects.readonly","https://www.googleapis.com/auth/firebase","https://www.googleapis.com/auth/cloud-platform"]
[debug] [2021-07-13T23:10:19.770Z] > authorizing via signed-in user (lordverminard@gmail.com)
[debug] [2021-07-13T23:10:19.770Z] [iam] checking project colorgame-3c359 for permissions ["firebase.projects.get","firebasehosting.sites.update"]
[debug] [2021-07-13T23:10:19.773Z] >>> HTTP REQUEST POST https://cloudresourcemanager.googleapis.com/v1/projects/colorgame-3c359:testIamPermissions  
 {"permissions":["firebase.projects.get","firebasehosting.sites.update"]}
[debug] [2021-07-13T23:10:19.971Z] <<< HTTP RESPONSE 200 {"content-type":"application/json; charset=UTF-8","vary":"X-Origin, Referer, Origin,Accept-Encoding","date":"Tue, 13 Jul 2021 23:10:19 GMT","server":"ESF","cache-control":"private","x-xss-protection":"0","x-frame-options":"SAMEORIGIN","x-content-type-options":"nosniff","server-timing":"gfet4t7; dur=80","alt-svc":"h3=\":443\"; ma=2592000,h3-29=\":443\"; ma=2592000,h3-T051=\":443\"; ma=2592000,h3-Q050=\":443\"; ma=2592000,h3-Q046=\":443\"; ma=2592000,h3-Q043=\":443\"; ma=2592000,quic=\":443\"; ma=2592000; v=\"46,43\"","accept-ranges":"none","transfer-encoding":"chunked"}
[debug] [2021-07-13T23:10:19.973Z] > refreshing access token with scopes: []
[debug] [2021-07-13T23:10:19.974Z] >>> HTTP REQUEST POST https://www.googleapis.com/oauth2/v3/token  
 <request body omitted>
[debug] [2021-07-13T23:10:20.164Z] <<< HTTP RESPONSE 200 {"date":"Tue, 13 Jul 2021 23:10:19 GMT","expires":"Mon, 01 Jan 1990 00:00:00 GMT","pragma":"no-cache","cache-control":"no-cache, no-store, max-age=0, must-revalidate","content-type":"application/json; charset=utf-8","vary":"X-Origin, Referer, Origin,Accept-Encoding","server":"scaffolding on HTTPServer2","x-xss-protection":"0","x-frame-options":"SAMEORIGIN","x-content-type-options":"nosniff","alt-svc":"h3=\":443\"; ma=2592000,h3-29=\":443\"; ma=2592000,h3-T051=\":443\"; ma=2592000,h3-Q050=\":443\"; ma=2592000,h3-Q046=\":443\"; ma=2592000,h3-Q043=\":443\"; ma=2592000,quic=\":443\"; ma=2592000; v=\"46,43\"","accept-ranges":"none","transfer-encoding":"chunked"}
[debug] [2021-07-13T23:10:20.174Z] >>> [apiv2][query] GET https://firebase.googleapis.com/v1beta1/projects/colorgame-3c359 [none]
[debug] [2021-07-13T23:10:20.435Z] <<< [apiv2][status] GET https://firebase.googleapis.com/v1beta1/projects/colorgame-3c359 200
[debug] [2021-07-13T23:10:20.435Z] <<< [apiv2][body] GET https://firebase.googleapis.com/v1beta1/projects/colorgame-3c359 {"projectId":"colorgame-3c359","projectNumber":"394017745851","displayName":"ColorGame","name":"projects/colorgame-3c359","resources":{"hostingSite":"colorgame-3c359","realtimeDatabaseInstance":"colorgame-3c359-default-rtdb","storageBucket":"colorgame-3c359.appspot.com","locationId":"us-central"},"state":"ACTIVE"}
[info] 
[info] === Deploying to 'colorgame-3c359'...
[info] 
[info] i  deploying hosting 
[debug] [2021-07-13T23:10:20.440Z] > refreshing access token with scopes: ["email","https://www.googleapis.com/auth/cloud-platform","https://www.googleapis.com/auth/cloudplatformprojects.readonly","https://www.googleapis.com/auth/firebase","openid"]
[debug] [2021-07-13T23:10:20.440Z] >>> HTTP REQUEST POST https://www.googleapis.com/oauth2/v3/token  
 <request body omitted>
[debug] [2021-07-13T23:10:20.608Z] <<< HTTP RESPONSE 200 {"pragma":"no-cache","cache-control":"no-cache, no-store, max-age=0, must-revalidate","date":"Tue, 13 Jul 2021 23:10:20 GMT","expires":"Mon, 01 Jan 1990 00:00:00 GMT","content-type":"application/json; charset=utf-8","vary":"X-Origin, Referer, Origin,Accept-Encoding","server":"scaffolding on HTTPServer2","x-xss-protection":"0","x-frame-options":"SAMEORIGIN","x-content-type-options":"nosniff","alt-svc":"h3=\":443\"; ma=2592000,h3-29=\":443\"; ma=2592000,h3-T051=\":443\"; ma=2592000,h3-Q050=\":443\"; ma=2592000,h3-Q046=\":443\"; ma=2592000,h3-Q043=\":443\"; ma=2592000,quic=\":443\"; ma=2592000; v=\"46,43\"","accept-ranges":"none","transfer-encoding":"chunked"}
[debug] [2021-07-13T23:10:20.615Z] >>> HTTP REQUEST POST https://firebasehosting.googleapis.com/v1beta1/sites/colorsorter/versions  
 {"config":{},"labels":{"deployment-tool":"cli-firebase"}}
